[debug] [2023-12-19T04:57:37.630Z] ----------------------------------------------------------------------
[debug] [2023-12-19T04:57:37.633Z] Command:       C:\Program Files\nodejs\node.exe C:\Users\matth\AppData\Roaming\npm\node_modules\firebase-tools\lib\bin\firebase.js deploy
[debug] [2023-12-19T04:57:37.633Z] CLI Version:   13.0.2
[debug] [2023-12-19T04:57:37.633Z] Platform:      win32
[debug] [2023-12-19T04:57:37.633Z] Node Version:  v20.10.0
[debug] [2023-12-19T04:57:37.634Z] Time:          Mon Dec 18 2023 23:57:37 GMT-0500 (Eastern Standard Time)
[debug] [2023-12-19T04:57:37.634Z] ----------------------------------------------------------------------
[debug] 
[debug] [2023-12-19T04:57:37.715Z] > command requires scopes: ["email","openid","https://www.googleapis.com/auth/cloudplatformprojects.readonly","https://www.googleapis.com/auth/firebase","https://www.googleapis.com/auth/cloud-platform"]
[debug] [2023-12-19T04:57:37.716Z] > authorizing via signed-in user (matthaid08@gmail.com)
[debug] [2023-12-19T04:57:37.716Z] [iam] checking project class-with-friends for permissions ["cloudfunctions.functions.create","cloudfunctions.functions.delete","cloudfunctions.functions.get","cloudfunctions.functions.list","cloudfunctions.functions.update","cloudfunctions.operations.get","datastore.indexes.create","datastore.indexes.delete","datastore.indexes.list","datastore.indexes.update","firebase.projects.get"]
[debug] [2023-12-19T04:57:37.722Z] >>> [apiv2][query] POST https://cloudresourcemanager.googleapis.com/v1/projects/class-with-friends:testIamPermissions [none]
[debug] [2023-12-19T04:57:37.722Z] >>> [apiv2][(partial)header] POST https://cloudresourcemanager.googleapis.com/v1/projects/class-with-friends:testIamPermissions x-goog-quota-user=projects/class-with-friends
[debug] [2023-12-19T04:57:37.723Z] >>> [apiv2][body] POST https://cloudresourcemanager.googleapis.com/v1/projects/class-with-friends:testIamPermissions {"permissions":["cloudfunctions.functions.create","cloudfunctions.functions.delete","cloudfunctions.functions.get","cloudfunctions.functions.list","cloudfunctions.functions.update","cloudfunctions.operations.get","datastore.indexes.create","datastore.indexes.delete","datastore.indexes.list","datastore.indexes.update","firebase.projects.get"]}
[debug] [2023-12-19T04:57:38.053Z] <<< [apiv2][status] POST https://cloudresourcemanager.googleapis.com/v1/projects/class-with-friends:testIamPermissions 200
[debug] [2023-12-19T04:57:38.054Z] <<< [apiv2][body] POST https://cloudresourcemanager.googleapis.com/v1/projects/class-with-friends:testIamPermissions {"permissions":["cloudfunctions.functions.create","cloudfunctions.functions.delete","cloudfunctions.functions.get","cloudfunctions.functions.list","cloudfunctions.functions.update","cloudfunctions.operations.get","datastore.indexes.create","datastore.indexes.delete","datastore.indexes.list","datastore.indexes.update","firebase.projects.get"]}
[debug] [2023-12-19T04:57:38.054Z] >>> [apiv2][query] POST https://iam.googleapis.com/v1/projects/class-with-friends/serviceAccounts/class-with-friends@appspot.gserviceaccount.com:testIamPermissions [none]
[debug] [2023-12-19T04:57:38.054Z] >>> [apiv2][body] POST https://iam.googleapis.com/v1/projects/class-with-friends/serviceAccounts/class-with-friends@appspot.gserviceaccount.com:testIamPermissions {"permissions":["iam.serviceAccounts.actAs"]}
[debug] [2023-12-19T04:57:38.348Z] <<< [apiv2][status] POST https://iam.googleapis.com/v1/projects/class-with-friends/serviceAccounts/class-with-friends@appspot.gserviceaccount.com:testIamPermissions 200
[debug] [2023-12-19T04:57:38.349Z] <<< [apiv2][body] POST https://iam.googleapis.com/v1/projects/class-with-friends/serviceAccounts/class-with-friends@appspot.gserviceaccount.com:testIamPermissions {"permissions":["iam.serviceAccounts.actAs"]}
[info] 
[info] === Deploying to 'class-with-friends'...
[info] 
[info] i  deploying firestore, functions 
[info] Running command: npm --prefix "$RESOURCE_DIR" run lint
[info] +  functions: Finished running predeploy script. 
[info] i  firestore: reading indexes from firestore.indexes.json... 
[info] i  cloud.firestore: checking firestore.rules for compilation errors... 
[debug] [2023-12-19T04:57:40.059Z] >>> [apiv2][query] POST https://firebaserules.googleapis.com/v1/projects/class-with-friends:test [none]
[debug] [2023-12-19T04:57:40.059Z] >>> [apiv2][body] POST https://firebaserules.googleapis.com/v1/projects/class-with-friends:test [omitted]
[debug] [2023-12-19T04:57:40.326Z] <<< [apiv2][status] POST https://firebaserules.googleapis.com/v1/projects/class-with-friends:test 200
[debug] [2023-12-19T04:57:40.326Z] <<< [apiv2][body] POST https://firebaserules.googleapis.com/v1/projects/class-with-friends:test {}
[info] +  cloud.firestore: rules file firestore.rules compiled successfully 
[debug] [2023-12-19T04:57:40.327Z] >>> [apiv2][query] GET https://firebase.googleapis.com/v1beta1/projects/class-with-friends [none]
[debug] [2023-12-19T04:57:40.701Z] <<< [apiv2][status] GET https://firebase.googleapis.com/v1beta1/projects/class-with-friends 200
[debug] [2023-12-19T04:57:40.701Z] <<< [apiv2][body] GET https://firebase.googleapis.com/v1beta1/projects/class-with-friends {"projectId":"class-with-friends","projectNumber":"29810484536","displayName":"class-with-friends","name":"projects/class-with-friends","resources":{"hostingSite":"class-with-friends","realtimeDatabaseInstance":"class-with-friends-default-rtdb"},"state":"ACTIVE","etag":"1_b9683688-3d8c-4564-8520-bfe351b4b00e"}
[info] i  functions: preparing codebase default for deployment 
[info] i  functions: ensuring required API cloudfunctions.googleapis.com is enabled... 
[info] i  functions: ensuring required API cloudbuild.googleapis.com is enabled... 
[info] i  artifactregistry: ensuring required API artifactregistry.googleapis.com is enabled... 
[debug] [2023-12-19T04:57:40.704Z] >>> [apiv2][query] GET https://serviceusage.googleapis.com/v1/projects/class-with-friends/services/cloudfunctions.googleapis.com [none]
[debug] [2023-12-19T04:57:40.704Z] >>> [apiv2][(partial)header] GET https://serviceusage.googleapis.com/v1/projects/class-with-friends/services/cloudfunctions.googleapis.com x-goog-quota-user=projects/class-with-friends
[debug] [2023-12-19T04:57:40.705Z] >>> [apiv2][query] GET https://serviceusage.googleapis.com/v1/projects/class-with-friends/services/runtimeconfig.googleapis.com [none]
[debug] [2023-12-19T04:57:40.705Z] >>> [apiv2][(partial)header] GET https://serviceusage.googleapis.com/v1/projects/class-with-friends/services/runtimeconfig.googleapis.com x-goog-quota-user=projects/class-with-friends
[debug] [2023-12-19T04:57:40.706Z] >>> [apiv2][query] GET https://serviceusage.googleapis.com/v1/projects/class-with-friends/services/cloudbuild.googleapis.com [none]
[debug] [2023-12-19T04:57:40.706Z] >>> [apiv2][(partial)header] GET https://serviceusage.googleapis.com/v1/projects/class-with-friends/services/cloudbuild.googleapis.com x-goog-quota-user=projects/class-with-friends
[debug] [2023-12-19T04:57:40.707Z] >>> [apiv2][query] GET https://serviceusage.googleapis.com/v1/projects/class-with-friends/services/artifactregistry.googleapis.com [none]
[debug] [2023-12-19T04:57:40.707Z] >>> [apiv2][(partial)header] GET https://serviceusage.googleapis.com/v1/projects/class-with-friends/services/artifactregistry.googleapis.com x-goog-quota-user=projects/class-with-friends
[debug] [2023-12-19T04:57:41.118Z] <<< [apiv2][status] GET https://serviceusage.googleapis.com/v1/projects/class-with-friends/services/cloudbuild.googleapis.com 200
[debug] [2023-12-19T04:57:41.118Z] <<< [apiv2][body] GET https://serviceusage.googleapis.com/v1/projects/class-with-friends/services/cloudbuild.googleapis.com [omitted]
[warn] !  functions: missing required API cloudbuild.googleapis.com. Enabling now... 
[debug] [2023-12-19T04:57:41.119Z] >>> [apiv2][query] POST https://serviceusage.googleapis.com/v1/projects/class-with-friends/services/cloudbuild.googleapis.com:enable [none]
[debug] [2023-12-19T04:57:41.119Z] >>> [apiv2][(partial)header] POST https://serviceusage.googleapis.com/v1/projects/class-with-friends/services/cloudbuild.googleapis.com:enable x-goog-quota-user=projects/class-with-friends
[debug] [2023-12-19T04:57:41.120Z] <<< [apiv2][status] GET https://serviceusage.googleapis.com/v1/projects/class-with-friends/services/cloudfunctions.googleapis.com 200
[debug] [2023-12-19T04:57:41.121Z] <<< [apiv2][body] GET https://serviceusage.googleapis.com/v1/projects/class-with-friends/services/cloudfunctions.googleapis.com [omitted]
[info] +  functions: required API cloudfunctions.googleapis.com is enabled 
[debug] [2023-12-19T04:57:41.121Z] <<< [apiv2][status] GET https://serviceusage.googleapis.com/v1/projects/class-with-friends/services/runtimeconfig.googleapis.com 200
[debug] [2023-12-19T04:57:41.121Z] <<< [apiv2][body] GET https://serviceusage.googleapis.com/v1/projects/class-with-friends/services/runtimeconfig.googleapis.com [omitted]
[debug] [2023-12-19T04:57:41.141Z] <<< [apiv2][status] GET https://serviceusage.googleapis.com/v1/projects/class-with-friends/services/artifactregistry.googleapis.com 200
[debug] [2023-12-19T04:57:41.141Z] <<< [apiv2][body] GET https://serviceusage.googleapis.com/v1/projects/class-with-friends/services/artifactregistry.googleapis.com [omitted]
[warn] !  artifactregistry: missing required API artifactregistry.googleapis.com. Enabling now... 
[debug] [2023-12-19T04:57:41.141Z] >>> [apiv2][query] POST https://serviceusage.googleapis.com/v1/projects/class-with-friends/services/artifactregistry.googleapis.com:enable [none]
[debug] [2023-12-19T04:57:41.142Z] >>> [apiv2][(partial)header] POST https://serviceusage.googleapis.com/v1/projects/class-with-friends/services/artifactregistry.googleapis.com:enable x-goog-quota-user=projects/class-with-friends
[debug] [2023-12-19T04:57:42.019Z] <<< [apiv2][status] POST https://serviceusage.googleapis.com/v1/projects/class-with-friends/services/cloudbuild.googleapis.com:enable 200
[debug] [2023-12-19T04:57:42.019Z] <<< [apiv2][body] POST https://serviceusage.googleapis.com/v1/projects/class-with-friends/services/cloudbuild.googleapis.com:enable [omitted]
[debug] [2023-12-19T04:57:42.400Z] <<< [apiv2][status] POST https://serviceusage.googleapis.com/v1/projects/class-with-friends/services/artifactregistry.googleapis.com:enable 200
[debug] [2023-12-19T04:57:42.400Z] <<< [apiv2][body] POST https://serviceusage.googleapis.com/v1/projects/class-with-friends/services/artifactregistry.googleapis.com:enable [omitted]
[debug] [2023-12-19T04:57:52.034Z] >>> [apiv2][query] GET https://serviceusage.googleapis.com/v1/projects/class-with-friends/services/cloudbuild.googleapis.com [none]
[debug] [2023-12-19T04:57:52.034Z] >>> [apiv2][(partial)header] GET https://serviceusage.googleapis.com/v1/projects/class-with-friends/services/cloudbuild.googleapis.com x-goog-quota-user=projects/class-with-friends
[debug] [2023-12-19T04:57:52.404Z] >>> [apiv2][query] GET https://serviceusage.googleapis.com/v1/projects/class-with-friends/services/artifactregistry.googleapis.com [none]
[debug] [2023-12-19T04:57:52.405Z] >>> [apiv2][(partial)header] GET https://serviceusage.googleapis.com/v1/projects/class-with-friends/services/artifactregistry.googleapis.com x-goog-quota-user=projects/class-with-friends
[debug] [2023-12-19T04:57:52.438Z] <<< [apiv2][status] GET https://serviceusage.googleapis.com/v1/projects/class-with-friends/services/cloudbuild.googleapis.com 200
[debug] [2023-12-19T04:57:52.438Z] <<< [apiv2][body] GET https://serviceusage.googleapis.com/v1/projects/class-with-friends/services/cloudbuild.googleapis.com [omitted]
[info] +  functions: required API cloudbuild.googleapis.com is enabled 
[debug] [2023-12-19T04:57:52.833Z] <<< [apiv2][status] GET https://serviceusage.googleapis.com/v1/projects/class-with-friends/services/artifactregistry.googleapis.com 200
[debug] [2023-12-19T04:57:52.833Z] <<< [apiv2][body] GET https://serviceusage.googleapis.com/v1/projects/class-with-friends/services/artifactregistry.googleapis.com [omitted]
[info] +  artifactregistry: required API artifactregistry.googleapis.com is enabled 
[debug] [2023-12-19T04:57:52.835Z] >>> [apiv2][query] GET https://firebase.googleapis.com/v1beta1/projects/class-with-friends/adminSdkConfig [none]
[debug] [2023-12-19T04:57:53.110Z] <<< [apiv2][status] GET https://firebase.googleapis.com/v1beta1/projects/class-with-friends/adminSdkConfig 200
[debug] [2023-12-19T04:57:53.110Z] <<< [apiv2][body] GET https://firebase.googleapis.com/v1beta1/projects/class-with-friends/adminSdkConfig {"projectId":"class-with-friends","databaseURL":"https://class-with-friends-default-rtdb.firebaseio.com","storageBucket":"class-with-friends.appspot.com"}
[debug] [2023-12-19T04:57:53.111Z] >>> [apiv2][query] GET https://runtimeconfig.googleapis.com/v1beta1/projects/class-with-friends/configs [none]
[debug] [2023-12-19T04:57:53.376Z] <<< [apiv2][status] GET https://runtimeconfig.googleapis.com/v1beta1/projects/class-with-friends/configs 200
[debug] [2023-12-19T04:57:53.376Z] <<< [apiv2][body] GET https://runtimeconfig.googleapis.com/v1beta1/projects/class-with-friends/configs {}
[debug] [2023-12-19T04:57:53.378Z] Validating nodejs source
[debug] [2023-12-19T04:57:54.760Z] > [functions] package.json contents: {
  "name": "functions",
  "description": "Cloud Functions for Firebase",
  "scripts": {
    "lint": "eslint .",
    "serve": "firebase emulators:start --only functions",
    "shell": "firebase functions:shell",
    "start": "npm run shell",
    "deploy": "firebase deploy --only functions",
    "logs": "firebase functions:log"
  },
  "engines": {
    "node": "18"
  },
  "main": "index.js",
  "dependencies": {
    "firebase-admin": "^11.8.0",
    "firebase-functions": "^4.3.1"
  },
  "devDependencies": {
    "eslint": "^8.15.0",
    "eslint-config-google": "^0.14.0",
    "firebase-functions-test": "^3.1.0"
  },
  "private": true
}
[debug] [2023-12-19T04:57:54.760Z] Building nodejs source
[info] i  functions: Loading and analyzing source code for codebase default to determine what to deploy 
[debug] [2023-12-19T04:57:54.762Z] Could not find functions.yaml. Must use http discovery
[debug] [2023-12-19T04:57:54.770Z] Found firebase-functions binary at 'C:\class-with-friends\functions\node_modules\.bin\firebase-functions'
[info] Serving at port 8239

[debug] [2023-12-19T04:57:55.377Z] Got response from /__/functions.yaml {"endpoints":{"fetchAndStoreClasses":{"platform":"gcfv1","availableMemoryMb":null,"timeoutSeconds":null,"minInstances":null,"maxInstances":null,"ingressSettings":null,"serviceAccountEmail":null,"vpc":null,"httpsTrigger":{},"entryPoint":"fetchAndStoreClasses"}},"specVersion":"v1alpha1","requiredAPIs":[]}
[info] i  functions: preparing functions directory for uploading... 
[info] i  functions: packaged C:\class-with-friends\functions (74.81 KB) for uploading 
[debug] [2023-12-19T04:58:00.450Z] >>> [apiv2][query] GET https://cloudfunctions.googleapis.com/v1/projects/class-with-friends/locations/-/functions [none]
[debug] [2023-12-19T04:58:01.008Z] <<< [apiv2][status] GET https://cloudfunctions.googleapis.com/v1/projects/class-with-friends/locations/-/functions 200
[debug] [2023-12-19T04:58:01.008Z] <<< [apiv2][body] GET https://cloudfunctions.googleapis.com/v1/projects/class-with-friends/locations/-/functions {}
[debug] [2023-12-19T04:58:01.009Z] >>> [apiv2][query] GET https://cloudfunctions.googleapis.com/v2/projects/class-with-friends/locations/-/functions filter=environment%3D%22GEN_2%22
[debug] [2023-12-19T04:58:01.499Z] <<< [apiv2][status] GET https://cloudfunctions.googleapis.com/v2/projects/class-with-friends/locations/-/functions 200
[debug] [2023-12-19T04:58:01.499Z] <<< [apiv2][body] GET https://cloudfunctions.googleapis.com/v2/projects/class-with-friends/locations/-/functions {}
[debug] [2023-12-19T04:58:01.502Z] >>> [apiv2][query] GET https://firebase.googleapis.com/v1beta1/projects/class-with-friends [none]
[debug] [2023-12-19T04:58:01.747Z] <<< [apiv2][status] GET https://firebase.googleapis.com/v1beta1/projects/class-with-friends 200
[debug] [2023-12-19T04:58:01.747Z] <<< [apiv2][body] GET https://firebase.googleapis.com/v1beta1/projects/class-with-friends {"projectId":"class-with-friends","projectNumber":"29810484536","displayName":"class-with-friends","name":"projects/class-with-friends","resources":{"hostingSite":"class-with-friends","realtimeDatabaseInstance":"class-with-friends-default-rtdb"},"state":"ACTIVE","etag":"1_b9683688-3d8c-4564-8520-bfe351b4b00e"}
[info] i  firestore: deploying indexes... 
[debug] [2023-12-19T04:58:01.749Z] >>> [apiv2][query] GET https://firebaserules.googleapis.com/v1/projects/class-with-friends/releases pageSize=10&pageToken=
[debug] [2023-12-19T04:58:01.750Z] >>> [apiv2][query] GET https://firestore.googleapis.com/v1/projects/class-with-friends/databases/(default)/collectionGroups/-/indexes [none]
[debug] [2023-12-19T04:58:01.994Z] <<< [apiv2][status] GET https://firestore.googleapis.com/v1/projects/class-with-friends/databases/(default)/collectionGroups/-/indexes 200
[debug] [2023-12-19T04:58:01.994Z] <<< [apiv2][body] GET https://firestore.googleapis.com/v1/projects/class-with-friends/databases/(default)/collectionGroups/-/indexes {}
[debug] [2023-12-19T04:58:01.994Z] >>> [apiv2][query] GET https://firestore.googleapis.com/v1/projects/class-with-friends/databases/(default)/collectionGroups/-/fields?filter=indexConfig.usesAncestorConfig=false OR ttlConfig:* [none]
[debug] [2023-12-19T04:58:02.006Z] <<< [apiv2][status] GET https://firebaserules.googleapis.com/v1/projects/class-with-friends/releases 200
[debug] [2023-12-19T04:58:02.006Z] <<< [apiv2][body] GET https://firebaserules.googleapis.com/v1/projects/class-with-friends/releases {"releases":[{"name":"projects/class-with-friends/releases/cloud.firestore","rulesetName":"projects/class-with-friends/rulesets/efd476a4-f989-41d8-9805-cd9053aa78dd","createTime":"2023-07-27T23:34:05.359965Z","updateTime":"2023-07-27T23:34:05.359965Z"}]}
[debug] [2023-12-19T04:58:02.007Z] >>> [apiv2][query] GET https://firebaserules.googleapis.com/v1/projects/class-with-friends/rulesets/efd476a4-f989-41d8-9805-cd9053aa78dd [none]
[debug] [2023-12-19T04:58:02.097Z] <<< [apiv2][status] GET https://firestore.googleapis.com/v1/projects/class-with-friends/databases/(default)/collectionGroups/-/fields?filter=indexConfig.usesAncestorConfig=false OR ttlConfig:* 200
[debug] [2023-12-19T04:58:02.097Z] <<< [apiv2][body] GET https://firestore.googleapis.com/v1/projects/class-with-friends/databases/(default)/collectionGroups/-/fields?filter=indexConfig.usesAncestorConfig=false OR ttlConfig:* {"fields":[{"name":"projects/class-with-friends/databases/(default)/collectionGroups/__default__/fields/*","indexConfig":{"indexes":[{"queryScope":"COLLECTION","fields":[{"fieldPath":"*","order":"ASCENDING"}],"state":"READY"},{"queryScope":"COLLECTION","fields":[{"fieldPath":"*","order":"DESCENDING"}],"state":"READY"},{"queryScope":"COLLECTION","fields":[{"fieldPath":"*","arrayConfig":"CONTAINS"}],"state":"READY"}]}}]}
[info] +  firestore: deployed indexes in firestore.indexes.json successfully for (default) database 
[debug] [2023-12-19T04:58:02.120Z] <<< [apiv2][status] GET https://firebaserules.googleapis.com/v1/projects/class-with-friends/rulesets/efd476a4-f989-41d8-9805-cd9053aa78dd 200
[debug] [2023-12-19T04:58:02.120Z] <<< [apiv2][body] GET https://firebaserules.googleapis.com/v1/projects/class-with-friends/rulesets/efd476a4-f989-41d8-9805-cd9053aa78dd [omitted]
[info] i  firestore: latest version of firestore.rules already up to date, skipping upload... 
[debug] [2023-12-19T04:58:02.121Z] [functions] found 1 new HTTP functions, testing setIamPolicy permission...
[debug] [2023-12-19T04:58:02.121Z] >>> [apiv2][query] POST https://cloudresourcemanager.googleapis.com/v1/projects/class-with-friends:testIamPermissions [none]
[debug] [2023-12-19T04:58:02.121Z] >>> [apiv2][(partial)header] POST https://cloudresourcemanager.googleapis.com/v1/projects/class-with-friends:testIamPermissions x-goog-quota-user=projects/class-with-friends
[debug] [2023-12-19T04:58:02.121Z] >>> [apiv2][body] POST https://cloudresourcemanager.googleapis.com/v1/projects/class-with-friends:testIamPermissions {"permissions":["cloudfunctions.functions.setIamPolicy"]}
[debug] [2023-12-19T04:58:02.328Z] <<< [apiv2][status] POST https://cloudresourcemanager.googleapis.com/v1/projects/class-with-friends:testIamPermissions 200
[debug] [2023-12-19T04:58:02.328Z] <<< [apiv2][body] POST https://cloudresourcemanager.googleapis.com/v1/projects/class-with-friends:testIamPermissions {"permissions":["cloudfunctions.functions.setIamPolicy"]}
[debug] [2023-12-19T04:58:02.329Z] [functions] found setIamPolicy permission, proceeding with deploy
[debug] [2023-12-19T04:58:02.329Z] >>> [apiv2][query] POST https://cloudfunctions.googleapis.com/v1/projects/class-with-friends/locations/us-central1/functions:generateUploadUrl [none]
[debug] [2023-12-19T04:58:02.329Z] >>> [apiv2][body] POST https://cloudfunctions.googleapis.com/v1/projects/class-with-friends/locations/us-central1/functions:generateUploadUrl {}
[debug] [2023-12-19T04:58:16.795Z] <<< [apiv2][status] POST https://cloudfunctions.googleapis.com/v1/projects/class-with-friends/locations/us-central1/functions:generateUploadUrl 200
[debug] [2023-12-19T04:58:16.795Z] <<< [apiv2][body] POST https://cloudfunctions.googleapis.com/v1/projects/class-with-friends/locations/us-central1/functions:generateUploadUrl {"uploadUrl":"https://storage.googleapis.com/uploads-139801327974.us-central1.cloudfunctions.appspot.com/9cd6ac85-7743-4f45-b97e-a2c4842b2249.zip?GoogleAccessId=service-29810484536@gcf-admin-robot.iam.gserviceaccount.com&Expires=1702963696&Signature=B5c8w3FmHrFj033VfmZep6xVu%2F9JWSMBfw2e%2BtxPAwSnaRV266dFASrF7%2BokpnDBrbhwfvzZTKsD4V8yAckbOmZzbvDMS3hP7r7EWFBm%2BDn%2F7cGZ%2BKG3st%2FDYghVtBXLe1acB0jO3PmkGhZiJofKf4FaPltaX8jleWdqm9BPsfZAzjCOS4nqYltSkVCY5Om6SBicLryblwjW%2BsmlWYC6V7tuQysU0oaTRmORvqqxjYWiYFlSUv122Uc9IInFv7Tuh32GW5y9tC8dVHkNhx3kMuseFR%2BWdPqkhLyv2%2BRhV99BDW0sGy3CTvuV7Z5c7MrilESxMWwp%2ByiOnRaLItFSCQ%3D%3D"}
[debug] [2023-12-19T04:58:16.796Z] >>> [apiv2][query] PUT https://storage.googleapis.com/uploads-139801327974.us-central1.cloudfunctions.appspot.com/9cd6ac85-7743-4f45-b97e-a2c4842b2249.zip GoogleAccessId=service-29810484536%40gcf-admin-robot.iam.gserviceaccount.com&Expires=1702963696&Signature=B5c8w3FmHrFj033VfmZep6xVu%2F9JWSMBfw2e%2BtxPAwSnaRV266dFASrF7%2BokpnDBrbhwfvzZTKsD4V8yAckbOmZzbvDMS3hP7r7EWFBm%2BDn%2F7cGZ%2BKG3st%2FDYghVtBXLe1acB0jO3PmkGhZiJofKf4FaPltaX8jleWdqm9BPsfZAzjCOS4nqYltSkVCY5Om6SBicLryblwjW%2BsmlWYC6V7tuQysU0oaTRmORvqqxjYWiYFlSUv122Uc9IInFv7Tuh32GW5y9tC8dVHkNhx3kMuseFR%2BWdPqkhLyv2%2BRhV99BDW0sGy3CTvuV7Z5c7MrilESxMWwp%2ByiOnRaLItFSCQ%3D%3D
[debug] [2023-12-19T04:58:16.796Z] >>> [apiv2][body] PUT https://storage.googleapis.com/uploads-139801327974.us-central1.cloudfunctions.appspot.com/9cd6ac85-7743-4f45-b97e-a2c4842b2249.zip [stream]
[debug] [2023-12-19T04:58:17.258Z] <<< [apiv2][status] PUT https://storage.googleapis.com/uploads-139801327974.us-central1.cloudfunctions.appspot.com/9cd6ac85-7743-4f45-b97e-a2c4842b2249.zip 200
[debug] [2023-12-19T04:58:17.258Z] <<< [apiv2][body] PUT https://storage.googleapis.com/uploads-139801327974.us-central1.cloudfunctions.appspot.com/9cd6ac85-7743-4f45-b97e-a2c4842b2249.zip [omitted]
[info] +  functions: functions folder uploaded successfully 
[debug] [2023-12-19T04:58:17.259Z] [rules] releasing cloud.firestore/(default) with ruleset projects/class-with-friends/rulesets/efd476a4-f989-41d8-9805-cd9053aa78dd
[debug] [2023-12-19T04:58:17.259Z] >>> [apiv2][query] PATCH https://firebaserules.googleapis.com/v1/projects/class-with-friends/releases/cloud.firestore/(default) [none]
[debug] [2023-12-19T04:58:17.259Z] >>> [apiv2][body] PATCH https://firebaserules.googleapis.com/v1/projects/class-with-friends/releases/cloud.firestore/(default) {"release":{"name":"projects/class-with-friends/releases/cloud.firestore/(default)","rulesetName":"projects/class-with-friends/rulesets/efd476a4-f989-41d8-9805-cd9053aa78dd"}}
[debug] [2023-12-19T04:58:17.630Z] <<< [apiv2][status] PATCH https://firebaserules.googleapis.com/v1/projects/class-with-friends/releases/cloud.firestore/(default) 200
[debug] [2023-12-19T04:58:17.630Z] <<< [apiv2][body] PATCH https://firebaserules.googleapis.com/v1/projects/class-with-friends/releases/cloud.firestore/(default) {"name":"projects/class-with-friends/releases/cloud.firestore","rulesetName":"projects/class-with-friends/rulesets/efd476a4-f989-41d8-9805-cd9053aa78dd","createTime":"2023-07-27T23:34:05.359965Z","updateTime":"2023-12-19T04:58:17.589200Z"}
[debug] [2023-12-19T04:58:17.630Z] [rules] updated release projects/class-with-friends/releases/cloud.firestore
[info] +  firestore: released rules firestore.rules to cloud.firestore 
[info] i  functions: creating Node.js 18 (1st Gen) function fetchAndStoreClasses(us-central1)... 
[debug] [2023-12-19T04:58:17.633Z] >>> [apiv2][query] POST https://cloudfunctions.googleapis.com/v1/projects/class-with-friends/locations/us-central1/functions [none]
[debug] [2023-12-19T04:58:17.633Z] >>> [apiv2][body] POST https://cloudfunctions.googleapis.com/v1/projects/class-with-friends/locations/us-central1/functions {"name":"projects/class-with-friends/locations/us-central1/functions/fetchAndStoreClasses","sourceUploadUrl":"https://storage.googleapis.com/uploads-139801327974.us-central1.cloudfunctions.appspot.com/9cd6ac85-7743-4f45-b97e-a2c4842b2249.zip?GoogleAccessId=service-29810484536@gcf-admin-robot.iam.gserviceaccount.com&Expires=1702963696&Signature=B5c8w3FmHrFj033VfmZep6xVu%2F9JWSMBfw2e%2BtxPAwSnaRV266dFASrF7%2BokpnDBrbhwfvzZTKsD4V8yAckbOmZzbvDMS3hP7r7EWFBm%2BDn%2F7cGZ%2BKG3st%2FDYghVtBXLe1acB0jO3PmkGhZiJofKf4FaPltaX8jleWdqm9BPsfZAzjCOS4nqYltSkVCY5Om6SBicLryblwjW%2BsmlWYC6V7tuQysU0oaTRmORvqqxjYWiYFlSUv122Uc9IInFv7Tuh32GW5y9tC8dVHkNhx3kMuseFR%2BWdPqkhLyv2%2BRhV99BDW0sGy3CTvuV7Z5c7MrilESxMWwp%2ByiOnRaLItFSCQ%3D%3D","entryPoint":"fetchAndStoreClasses","runtime":"nodejs18","dockerRegistry":"ARTIFACT_REGISTRY","labels":{"deployment-tool":"cli-firebase","firebase-functions-hash":"16a9b16a0568e17087b1bd4c08d515783de74b0a"},"httpsTrigger":{"securityLevel":"SECURE_ALWAYS"},"minInstances":null,"maxInstances":null,"ingressSettings":null,"environmentVariables":{"FIREBASE_CONFIG":"{\"projectId\":\"class-with-friends\",\"databaseURL\":\"https://class-with-friends-default-rtdb.firebaseio.com\",\"storageBucket\":\"class-with-friends.appspot.com\"}","GCLOUD_PROJECT":"class-with-friends","EVENTARC_CLOUD_EVENT_SOURCE":"projects/class-with-friends/locations/us-central1/functions/fetchAndStoreClasses"},"serviceAccountEmail":null,"availableMemoryMb":null,"timeout":null,"vpcConnector":null,"vpcConnectorEgressSettings":null,"buildEnvironmentVariables":{"GOOGLE_NODE_RUN_SCRIPTS":""}}
[debug] [2023-12-19T04:58:18.294Z] <<< [apiv2][status] POST https://cloudfunctions.googleapis.com/v1/projects/class-with-friends/locations/us-central1/functions 200
[debug] [2023-12-19T04:58:18.294Z] <<< [apiv2][body] POST https://cloudfunctions.googleapis.com/v1/projects/class-with-friends/locations/us-central1/functions {"name":"operations/Y2xhc3Mtd2l0aC1mcmllbmRzL3VzLWNlbnRyYWwxL2ZldGNoQW5kU3RvcmVDbGFzc2VzL3BwNmtuR3AyaExr","metadata":{"@type":"type.googleapis.com/google.cloud.functions.v1.OperationMetadataV1","target":"projects/class-with-friends/locations/us-central1/functions/fetchAndStoreClasses","type":"CREATE_FUNCTION","request":{"@type":"type.googleapis.com/google.cloud.functions.v1.CloudFunction","name":"projects/class-with-friends/locations/us-central1/functions/fetchAndStoreClasses","httpsTrigger":{"securityLevel":"SECURE_ALWAYS"},"entryPoint":"fetchAndStoreClasses","labels":{"deployment-tool":"cli-firebase","firebase-functions-hash":"16a9b16a0568e17087b1bd4c08d515783de74b0a"},"sourceUploadUrl":"https://storage.googleapis.com/uploads-139801327974.us-central1.cloudfunctions.appspot.com/9cd6ac85-7743-4f45-b97e-a2c4842b2249.zip?GoogleAccessId=service-29810484536@gcf-admin-robot.iam.gserviceaccount.com&Expires=1702963696&Signature=B5c8w3FmHrFj033VfmZep6xVu%2F9JWSMBfw2e%2BtxPAwSnaRV266dFASrF7%2BokpnDBrbhwfvzZTKsD4V8yAckbOmZzbvDMS3hP7r7EWFBm%2BDn%2F7cGZ%2BKG3st%2FDYghVtBXLe1acB0jO3PmkGhZiJofKf4FaPltaX8jleWdqm9BPsfZAzjCOS4nqYltSkVCY5Om6SBicLryblwjW%2BsmlWYC6V7tuQysU0oaTRmORvqqxjYWiYFlSUv122Uc9IInFv7Tuh32GW5y9tC8dVHkNhx3kMuseFR%2BWdPqkhLyv2%2BRhV99BDW0sGy3CTvuV7Z5c7MrilESxMWwp%2ByiOnRaLItFSCQ%3D%3D","environmentVariables":{"FIREBASE_CONFIG":"{\"projectId\":\"class-with-friends\",\"databaseURL\":\"https://class-with-friends-default-rtdb.firebaseio.com\",\"storageBucket\":\"class-with-friends.appspot.com\"}","GCLOUD_PROJECT":"class-with-friends","EVENTARC_CLOUD_EVENT_SOURCE":"projects/class-with-friends/locations/us-central1/functions/fetchAndStoreClasses"},"runtime":"nodejs18","buildEnvironmentVariables":{"GOOGLE_NODE_RUN_SCRIPTS":""},"dockerRegistry":"ARTIFACT_REGISTRY"},"versionId":"1","updateTime":"2023-12-19T04:58:18Z"}}
[debug] [2023-12-19T04:58:18.295Z] >>> [apiv2][query] GET https://cloudfunctions.googleapis.com/v1/operations/Y2xhc3Mtd2l0aC1mcmllbmRzL3VzLWNlbnRyYWwxL2ZldGNoQW5kU3RvcmVDbGFzc2VzL3BwNmtuR3AyaExr [none]
[debug] [2023-12-19T04:58:18.452Z] <<< [apiv2][status] GET https://cloudfunctions.googleapis.com/v1/operations/Y2xhc3Mtd2l0aC1mcmllbmRzL3VzLWNlbnRyYWwxL2ZldGNoQW5kU3RvcmVDbGFzc2VzL3BwNmtuR3AyaExr 200
[debug] [2023-12-19T04:58:18.453Z] <<< [apiv2][body] GET https://cloudfunctions.googleapis.com/v1/operations/Y2xhc3Mtd2l0aC1mcmllbmRzL3VzLWNlbnRyYWwxL2ZldGNoQW5kU3RvcmVDbGFzc2VzL3BwNmtuR3AyaExr {"name":"operations/Y2xhc3Mtd2l0aC1mcmllbmRzL3VzLWNlbnRyYWwxL2ZldGNoQW5kU3RvcmVDbGFzc2VzL3BwNmtuR3AyaExr","metadata":{"@type":"type.googleapis.com/google.cloud.functions.v1.OperationMetadataV1","target":"projects/class-with-friends/locations/us-central1/functions/fetchAndStoreClasses","type":"CREATE_FUNCTION","request":{"@type":"type.googleapis.com/google.cloud.functions.v1.CloudFunction","name":"projects/class-with-friends/locations/us-central1/functions/fetchAndStoreClasses","httpsTrigger":{"securityLevel":"SECURE_ALWAYS"},"entryPoint":"fetchAndStoreClasses","labels":{"deployment-tool":"cli-firebase","firebase-functions-hash":"16a9b16a0568e17087b1bd4c08d515783de74b0a"},"sourceUploadUrl":"https://storage.googleapis.com/uploads-139801327974.us-central1.cloudfunctions.appspot.com/9cd6ac85-7743-4f45-b97e-a2c4842b2249.zip?GoogleAccessId=service-29810484536@gcf-admin-robot.iam.gserviceaccount.com&Expires=1702963696&Signature=B5c8w3FmHrFj033VfmZep6xVu%2F9JWSMBfw2e%2BtxPAwSnaRV266dFASrF7%2BokpnDBrbhwfvzZTKsD4V8yAckbOmZzbvDMS3hP7r7EWFBm%2BDn%2F7cGZ%2BKG3st%2FDYghVtBXLe1acB0jO3PmkGhZiJofKf4FaPltaX8jleWdqm9BPsfZAzjCOS4nqYltSkVCY5Om6SBicLryblwjW%2BsmlWYC6V7tuQysU0oaTRmORvqqxjYWiYFlSUv122Uc9IInFv7Tuh32GW5y9tC8dVHkNhx3kMuseFR%2BWdPqkhLyv2%2BRhV99BDW0sGy3CTvuV7Z5c7MrilESxMWwp%2ByiOnRaLItFSCQ%3D%3D","environmentVariables":{"FIREBASE_CONFIG":"{\"projectId\":\"class-with-friends\",\"databaseURL\":\"https://class-with-friends-default-rtdb.firebaseio.com\",\"storageBucket\":\"class-with-friends.appspot.com\"}","GCLOUD_PROJECT":"class-with-friends","EVENTARC_CLOUD_EVENT_SOURCE":"projects/class-with-friends/locations/us-central1/functions/fetchAndStoreClasses"},"runtime":"nodejs18","buildEnvironmentVariables":{"GOOGLE_NODE_RUN_SCRIPTS":""},"dockerRegistry":"ARTIFACT_REGISTRY"},"versionId":"1","updateTime":"2023-12-19T04:58:18Z"}}
[debug] [2023-12-19T04:58:18.964Z] [create-default-us-central1-fetchAndStoreClasses] Retrying task index 0
[debug] [2023-12-19T04:58:18.964Z] >>> [apiv2][query] GET https://cloudfunctions.googleapis.com/v1/operations/Y2xhc3Mtd2l0aC1mcmllbmRzL3VzLWNlbnRyYWwxL2ZldGNoQW5kU3RvcmVDbGFzc2VzL3BwNmtuR3AyaExr [none]
[debug] [2023-12-19T04:58:19.093Z] <<< [apiv2][status] GET https://cloudfunctions.googleapis.com/v1/operations/Y2xhc3Mtd2l0aC1mcmllbmRzL3VzLWNlbnRyYWwxL2ZldGNoQW5kU3RvcmVDbGFzc2VzL3BwNmtuR3AyaExr 200
[debug] [2023-12-19T04:58:19.093Z] <<< [apiv2][body] GET https://cloudfunctions.googleapis.com/v1/operations/Y2xhc3Mtd2l0aC1mcmllbmRzL3VzLWNlbnRyYWwxL2ZldGNoQW5kU3RvcmVDbGFzc2VzL3BwNmtuR3AyaExr {"name":"operations/Y2xhc3Mtd2l0aC1mcmllbmRzL3VzLWNlbnRyYWwxL2ZldGNoQW5kU3RvcmVDbGFzc2VzL3BwNmtuR3AyaExr","metadata":{"@type":"type.googleapis.com/google.cloud.functions.v1.OperationMetadataV1","target":"projects/class-with-friends/locations/us-central1/functions/fetchAndStoreClasses","type":"CREATE_FUNCTION","request":{"@type":"type.googleapis.com/google.cloud.functions.v1.CloudFunction","name":"projects/class-with-friends/locations/us-central1/functions/fetchAndStoreClasses","httpsTrigger":{"securityLevel":"SECURE_ALWAYS"},"entryPoint":"fetchAndStoreClasses","labels":{"deployment-tool":"cli-firebase","firebase-functions-hash":"16a9b16a0568e17087b1bd4c08d515783de74b0a"},"sourceUploadUrl":"https://storage.googleapis.com/uploads-139801327974.us-central1.cloudfunctions.appspot.com/9cd6ac85-7743-4f45-b97e-a2c4842b2249.zip?GoogleAccessId=service-29810484536@gcf-admin-robot.iam.gserviceaccount.com&Expires=1702963696&Signature=B5c8w3FmHrFj033VfmZep6xVu%2F9JWSMBfw2e%2BtxPAwSnaRV266dFASrF7%2BokpnDBrbhwfvzZTKsD4V8yAckbOmZzbvDMS3hP7r7EWFBm%2BDn%2F7cGZ%2BKG3st%2FDYghVtBXLe1acB0jO3PmkGhZiJofKf4FaPltaX8jleWdqm9BPsfZAzjCOS4nqYltSkVCY5Om6SBicLryblwjW%2BsmlWYC6V7tuQysU0oaTRmORvqqxjYWiYFlSUv122Uc9IInFv7Tuh32GW5y9tC8dVHkNhx3kMuseFR%2BWdPqkhLyv2%2BRhV99BDW0sGy3CTvuV7Z5c7MrilESxMWwp%2ByiOnRaLItFSCQ%3D%3D","environmentVariables":{"FIREBASE_CONFIG":"{\"projectId\":\"class-with-friends\",\"databaseURL\":\"https://class-with-friends-default-rtdb.firebaseio.com\",\"storageBucket\":\"class-with-friends.appspot.com\"}","GCLOUD_PROJECT":"class-with-friends","EVENTARC_CLOUD_EVENT_SOURCE":"projects/class-with-friends/locations/us-central1/functions/fetchAndStoreClasses"},"runtime":"nodejs18","buildEnvironmentVariables":{"GOOGLE_NODE_RUN_SCRIPTS":""},"dockerRegistry":"ARTIFACT_REGISTRY"},"versionId":"1","updateTime":"2023-12-19T04:58:18Z"}}
[debug] [2023-12-19T04:58:20.101Z] [create-default-us-central1-fetchAndStoreClasses] Retrying task index 0
[debug] [2023-12-19T04:58:20.102Z] >>> [apiv2][query] GET https://cloudfunctions.googleapis.com/v1/operations/Y2xhc3Mtd2l0aC1mcmllbmRzL3VzLWNlbnRyYWwxL2ZldGNoQW5kU3RvcmVDbGFzc2VzL3BwNmtuR3AyaExr [none]
[debug] [2023-12-19T04:58:20.283Z] <<< [apiv2][status] GET https://cloudfunctions.googleapis.com/v1/operations/Y2xhc3Mtd2l0aC1mcmllbmRzL3VzLWNlbnRyYWwxL2ZldGNoQW5kU3RvcmVDbGFzc2VzL3BwNmtuR3AyaExr 200
[debug] [2023-12-19T04:58:20.283Z] <<< [apiv2][body] GET https://cloudfunctions.googleapis.com/v1/operations/Y2xhc3Mtd2l0aC1mcmllbmRzL3VzLWNlbnRyYWwxL2ZldGNoQW5kU3RvcmVDbGFzc2VzL3BwNmtuR3AyaExr {"name":"operations/Y2xhc3Mtd2l0aC1mcmllbmRzL3VzLWNlbnRyYWwxL2ZldGNoQW5kU3RvcmVDbGFzc2VzL3BwNmtuR3AyaExr","metadata":{"@type":"type.googleapis.com/google.cloud.functions.v1.OperationMetadataV1","target":"projects/class-with-friends/locations/us-central1/functions/fetchAndStoreClasses","type":"CREATE_FUNCTION","request":{"@type":"type.googleapis.com/google.cloud.functions.v1.CloudFunction","name":"projects/class-with-friends/locations/us-central1/functions/fetchAndStoreClasses","httpsTrigger":{"securityLevel":"SECURE_ALWAYS"},"entryPoint":"fetchAndStoreClasses","labels":{"deployment-tool":"cli-firebase","firebase-functions-hash":"16a9b16a0568e17087b1bd4c08d515783de74b0a"},"sourceUploadUrl":"https://storage.googleapis.com/uploads-139801327974.us-central1.cloudfunctions.appspot.com/9cd6ac85-7743-4f45-b97e-a2c4842b2249.zip?GoogleAccessId=service-29810484536@gcf-admin-robot.iam.gserviceaccount.com&Expires=1702963696&Signature=B5c8w3FmHrFj033VfmZep6xVu%2F9JWSMBfw2e%2BtxPAwSnaRV266dFASrF7%2BokpnDBrbhwfvzZTKsD4V8yAckbOmZzbvDMS3hP7r7EWFBm%2BDn%2F7cGZ%2BKG3st%2FDYghVtBXLe1acB0jO3PmkGhZiJofKf4FaPltaX8jleWdqm9BPsfZAzjCOS4nqYltSkVCY5Om6SBicLryblwjW%2BsmlWYC6V7tuQysU0oaTRmORvqqxjYWiYFlSUv122Uc9IInFv7Tuh32GW5y9tC8dVHkNhx3kMuseFR%2BWdPqkhLyv2%2BRhV99BDW0sGy3CTvuV7Z5c7MrilESxMWwp%2ByiOnRaLItFSCQ%3D%3D","environmentVariables":{"FIREBASE_CONFIG":"{\"projectId\":\"class-with-friends\",\"databaseURL\":\"https://class-with-friends-default-rtdb.firebaseio.com\",\"storageBucket\":\"class-with-friends.appspot.com\"}","GCLOUD_PROJECT":"class-with-friends","EVENTARC_CLOUD_EVENT_SOURCE":"projects/class-with-friends/locations/us-central1/functions/fetchAndStoreClasses"},"runtime":"nodejs18","buildEnvironmentVariables":{"GOOGLE_NODE_RUN_SCRIPTS":""},"dockerRegistry":"ARTIFACT_REGISTRY"},"versionId":"1","updateTime":"2023-12-19T04:58:18Z"}}
[debug] [2023-12-19T04:58:22.289Z] [create-default-us-central1-fetchAndStoreClasses] Retrying task index 0
[debug] [2023-12-19T04:58:22.289Z] >>> [apiv2][query] GET https://cloudfunctions.googleapis.com/v1/operations/Y2xhc3Mtd2l0aC1mcmllbmRzL3VzLWNlbnRyYWwxL2ZldGNoQW5kU3RvcmVDbGFzc2VzL3BwNmtuR3AyaExr [none]
[debug] [2023-12-19T04:58:22.420Z] <<< [apiv2][status] GET https://cloudfunctions.googleapis.com/v1/operations/Y2xhc3Mtd2l0aC1mcmllbmRzL3VzLWNlbnRyYWwxL2ZldGNoQW5kU3RvcmVDbGFzc2VzL3BwNmtuR3AyaExr 200
[debug] [2023-12-19T04:58:22.420Z] <<< [apiv2][body] GET https://cloudfunctions.googleapis.com/v1/operations/Y2xhc3Mtd2l0aC1mcmllbmRzL3VzLWNlbnRyYWwxL2ZldGNoQW5kU3RvcmVDbGFzc2VzL3BwNmtuR3AyaExr {"name":"operations/Y2xhc3Mtd2l0aC1mcmllbmRzL3VzLWNlbnRyYWwxL2ZldGNoQW5kU3RvcmVDbGFzc2VzL3BwNmtuR3AyaExr","metadata":{"@type":"type.googleapis.com/google.cloud.functions.v1.OperationMetadataV1","target":"projects/class-with-friends/locations/us-central1/functions/fetchAndStoreClasses","type":"CREATE_FUNCTION","request":{"@type":"type.googleapis.com/google.cloud.functions.v1.CloudFunction","name":"projects/class-with-friends/locations/us-central1/functions/fetchAndStoreClasses","httpsTrigger":{"securityLevel":"SECURE_ALWAYS"},"entryPoint":"fetchAndStoreClasses","labels":{"deployment-tool":"cli-firebase","firebase-functions-hash":"16a9b16a0568e17087b1bd4c08d515783de74b0a"},"sourceUploadUrl":"https://storage.googleapis.com/uploads-139801327974.us-central1.cloudfunctions.appspot.com/9cd6ac85-7743-4f45-b97e-a2c4842b2249.zip?GoogleAccessId=service-29810484536@gcf-admin-robot.iam.gserviceaccount.com&Expires=1702963696&Signature=B5c8w3FmHrFj033VfmZep6xVu%2F9JWSMBfw2e%2BtxPAwSnaRV266dFASrF7%2BokpnDBrbhwfvzZTKsD4V8yAckbOmZzbvDMS3hP7r7EWFBm%2BDn%2F7cGZ%2BKG3st%2FDYghVtBXLe1acB0jO3PmkGhZiJofKf4FaPltaX8jleWdqm9BPsfZAzjCOS4nqYltSkVCY5Om6SBicLryblwjW%2BsmlWYC6V7tuQysU0oaTRmORvqqxjYWiYFlSUv122Uc9IInFv7Tuh32GW5y9tC8dVHkNhx3kMuseFR%2BWdPqkhLyv2%2BRhV99BDW0sGy3CTvuV7Z5c7MrilESxMWwp%2ByiOnRaLItFSCQ%3D%3D","environmentVariables":{"FIREBASE_CONFIG":"{\"projectId\":\"class-with-friends\",\"databaseURL\":\"https://class-with-friends-default-rtdb.firebaseio.com\",\"storageBucket\":\"class-with-friends.appspot.com\"}","GCLOUD_PROJECT":"class-with-friends","EVENTARC_CLOUD_EVENT_SOURCE":"projects/class-with-friends/locations/us-central1/functions/fetchAndStoreClasses"},"runtime":"nodejs18","buildEnvironmentVariables":{"GOOGLE_NODE_RUN_SCRIPTS":""},"dockerRegistry":"ARTIFACT_REGISTRY"},"versionId":"1","updateTime":"2023-12-19T04:58:18Z"}}
[debug] [2023-12-19T04:58:26.423Z] [create-default-us-central1-fetchAndStoreClasses] Retrying task index 0
[debug] [2023-12-19T04:58:26.423Z] >>> [apiv2][query] GET https://cloudfunctions.googleapis.com/v1/operations/Y2xhc3Mtd2l0aC1mcmllbmRzL3VzLWNlbnRyYWwxL2ZldGNoQW5kU3RvcmVDbGFzc2VzL3BwNmtuR3AyaExr [none]
[debug] [2023-12-19T04:58:26.528Z] <<< [apiv2][status] GET https://cloudfunctions.googleapis.com/v1/operations/Y2xhc3Mtd2l0aC1mcmllbmRzL3VzLWNlbnRyYWwxL2ZldGNoQW5kU3RvcmVDbGFzc2VzL3BwNmtuR3AyaExr 200
[debug] [2023-12-19T04:58:26.528Z] <<< [apiv2][body] GET https://cloudfunctions.googleapis.com/v1/operations/Y2xhc3Mtd2l0aC1mcmllbmRzL3VzLWNlbnRyYWwxL2ZldGNoQW5kU3RvcmVDbGFzc2VzL3BwNmtuR3AyaExr {"name":"operations/Y2xhc3Mtd2l0aC1mcmllbmRzL3VzLWNlbnRyYWwxL2ZldGNoQW5kU3RvcmVDbGFzc2VzL3BwNmtuR3AyaExr","metadata":{"@type":"type.googleapis.com/google.cloud.functions.v1.OperationMetadataV1","target":"projects/class-with-friends/locations/us-central1/functions/fetchAndStoreClasses","type":"CREATE_FUNCTION","request":{"@type":"type.googleapis.com/google.cloud.functions.v1.CloudFunction","name":"projects/class-with-friends/locations/us-central1/functions/fetchAndStoreClasses","httpsTrigger":{"securityLevel":"SECURE_ALWAYS"},"entryPoint":"fetchAndStoreClasses","labels":{"deployment-tool":"cli-firebase","firebase-functions-hash":"16a9b16a0568e17087b1bd4c08d515783de74b0a"},"sourceUploadUrl":"https://storage.googleapis.com/uploads-139801327974.us-central1.cloudfunctions.appspot.com/9cd6ac85-7743-4f45-b97e-a2c4842b2249.zip?GoogleAccessId=service-29810484536@gcf-admin-robot.iam.gserviceaccount.com&Expires=1702963696&Signature=B5c8w3FmHrFj033VfmZep6xVu%2F9JWSMBfw2e%2BtxPAwSnaRV266dFASrF7%2BokpnDBrbhwfvzZTKsD4V8yAckbOmZzbvDMS3hP7r7EWFBm%2BDn%2F7cGZ%2BKG3st%2FDYghVtBXLe1acB0jO3PmkGhZiJofKf4FaPltaX8jleWdqm9BPsfZAzjCOS4nqYltSkVCY5Om6SBicLryblwjW%2BsmlWYC6V7tuQysU0oaTRmORvqqxjYWiYFlSUv122Uc9IInFv7Tuh32GW5y9tC8dVHkNhx3kMuseFR%2BWdPqkhLyv2%2BRhV99BDW0sGy3CTvuV7Z5c7MrilESxMWwp%2ByiOnRaLItFSCQ%3D%3D","environmentVariables":{"FIREBASE_CONFIG":"{\"projectId\":\"class-with-friends\",\"databaseURL\":\"https://class-with-friends-default-rtdb.firebaseio.com\",\"storageBucket\":\"class-with-friends.appspot.com\"}","GCLOUD_PROJECT":"class-with-friends","EVENTARC_CLOUD_EVENT_SOURCE":"projects/class-with-friends/locations/us-central1/functions/fetchAndStoreClasses"},"runtime":"nodejs18","buildEnvironmentVariables":{"GOOGLE_NODE_RUN_SCRIPTS":""},"dockerRegistry":"ARTIFACT_REGISTRY"},"versionId":"1","updateTime":"2023-12-19T04:58:18Z"}}
[debug] [2023-12-19T04:58:34.540Z] [create-default-us-central1-fetchAndStoreClasses] Retrying task index 0
[debug] [2023-12-19T04:58:34.540Z] >>> [apiv2][query] GET https://cloudfunctions.googleapis.com/v1/operations/Y2xhc3Mtd2l0aC1mcmllbmRzL3VzLWNlbnRyYWwxL2ZldGNoQW5kU3RvcmVDbGFzc2VzL3BwNmtuR3AyaExr [none]
[debug] [2023-12-19T04:58:34.747Z] <<< [apiv2][status] GET https://cloudfunctions.googleapis.com/v1/operations/Y2xhc3Mtd2l0aC1mcmllbmRzL3VzLWNlbnRyYWwxL2ZldGNoQW5kU3RvcmVDbGFzc2VzL3BwNmtuR3AyaExr 200
[debug] [2023-12-19T04:58:34.747Z] <<< [apiv2][body] GET https://cloudfunctions.googleapis.com/v1/operations/Y2xhc3Mtd2l0aC1mcmllbmRzL3VzLWNlbnRyYWwxL2ZldGNoQW5kU3RvcmVDbGFzc2VzL3BwNmtuR3AyaExr {"name":"operations/Y2xhc3Mtd2l0aC1mcmllbmRzL3VzLWNlbnRyYWwxL2ZldGNoQW5kU3RvcmVDbGFzc2VzL3BwNmtuR3AyaExr","metadata":{"@type":"type.googleapis.com/google.cloud.functions.v1.OperationMetadataV1","target":"projects/class-with-friends/locations/us-central1/functions/fetchAndStoreClasses","type":"CREATE_FUNCTION","request":{"@type":"type.googleapis.com/google.cloud.functions.v1.CloudFunction","name":"projects/class-with-friends/locations/us-central1/functions/fetchAndStoreClasses","httpsTrigger":{"securityLevel":"SECURE_ALWAYS"},"entryPoint":"fetchAndStoreClasses","labels":{"deployment-tool":"cli-firebase","firebase-functions-hash":"16a9b16a0568e17087b1bd4c08d515783de74b0a"},"sourceUploadUrl":"https://storage.googleapis.com/uploads-139801327974.us-central1.cloudfunctions.appspot.com/9cd6ac85-7743-4f45-b97e-a2c4842b2249.zip?GoogleAccessId=service-29810484536@gcf-admin-robot.iam.gserviceaccount.com&Expires=1702963696&Signature=B5c8w3FmHrFj033VfmZep6xVu%2F9JWSMBfw2e%2BtxPAwSnaRV266dFASrF7%2BokpnDBrbhwfvzZTKsD4V8yAckbOmZzbvDMS3hP7r7EWFBm%2BDn%2F7cGZ%2BKG3st%2FDYghVtBXLe1acB0jO3PmkGhZiJofKf4FaPltaX8jleWdqm9BPsfZAzjCOS4nqYltSkVCY5Om6SBicLryblwjW%2BsmlWYC6V7tuQysU0oaTRmORvqqxjYWiYFlSUv122Uc9IInFv7Tuh32GW5y9tC8dVHkNhx3kMuseFR%2BWdPqkhLyv2%2BRhV99BDW0sGy3CTvuV7Z5c7MrilESxMWwp%2ByiOnRaLItFSCQ%3D%3D","environmentVariables":{"FIREBASE_CONFIG":"{\"projectId\":\"class-with-friends\",\"databaseURL\":\"https://class-with-friends-default-rtdb.firebaseio.com\",\"storageBucket\":\"class-with-friends.appspot.com\"}","GCLOUD_PROJECT":"class-with-friends","EVENTARC_CLOUD_EVENT_SOURCE":"projects/class-with-friends/locations/us-central1/functions/fetchAndStoreClasses"},"runtime":"nodejs18","buildEnvironmentVariables":{"GOOGLE_NODE_RUN_SCRIPTS":""},"dockerRegistry":"ARTIFACT_REGISTRY"},"versionId":"1","updateTime":"2023-12-19T04:58:18Z","buildId":"7dd1b2f4-edaa-4aac-87f4-ce0b0080a23e","buildName":"projects/29810484536/locations/us-central1/builds/7dd1b2f4-edaa-4aac-87f4-ce0b0080a23e"}}
[debug] [2023-12-19T04:58:44.747Z] [create-default-us-central1-fetchAndStoreClasses] Retrying task index 0
[debug] [2023-12-19T04:58:44.747Z] >>> [apiv2][query] GET https://cloudfunctions.googleapis.com/v1/operations/Y2xhc3Mtd2l0aC1mcmllbmRzL3VzLWNlbnRyYWwxL2ZldGNoQW5kU3RvcmVDbGFzc2VzL3BwNmtuR3AyaExr [none]
[debug] [2023-12-19T04:58:44.925Z] <<< [apiv2][status] GET https://cloudfunctions.googleapis.com/v1/operations/Y2xhc3Mtd2l0aC1mcmllbmRzL3VzLWNlbnRyYWwxL2ZldGNoQW5kU3RvcmVDbGFzc2VzL3BwNmtuR3AyaExr 200
[debug] [2023-12-19T04:58:44.925Z] <<< [apiv2][body] GET https://cloudfunctions.googleapis.com/v1/operations/Y2xhc3Mtd2l0aC1mcmllbmRzL3VzLWNlbnRyYWwxL2ZldGNoQW5kU3RvcmVDbGFzc2VzL3BwNmtuR3AyaExr {"name":"operations/Y2xhc3Mtd2l0aC1mcmllbmRzL3VzLWNlbnRyYWwxL2ZldGNoQW5kU3RvcmVDbGFzc2VzL3BwNmtuR3AyaExr","metadata":{"@type":"type.googleapis.com/google.cloud.functions.v1.OperationMetadataV1","target":"projects/class-with-friends/locations/us-central1/functions/fetchAndStoreClasses","type":"CREATE_FUNCTION","request":{"@type":"type.googleapis.com/google.cloud.functions.v1.CloudFunction","name":"projects/class-with-friends/locations/us-central1/functions/fetchAndStoreClasses","httpsTrigger":{"securityLevel":"SECURE_ALWAYS"},"entryPoint":"fetchAndStoreClasses","labels":{"deployment-tool":"cli-firebase","firebase-functions-hash":"16a9b16a0568e17087b1bd4c08d515783de74b0a"},"sourceUploadUrl":"https://storage.googleapis.com/uploads-139801327974.us-central1.cloudfunctions.appspot.com/9cd6ac85-7743-4f45-b97e-a2c4842b2249.zip?GoogleAccessId=service-29810484536@gcf-admin-robot.iam.gserviceaccount.com&Expires=1702963696&Signature=B5c8w3FmHrFj033VfmZep6xVu%2F9JWSMBfw2e%2BtxPAwSnaRV266dFASrF7%2BokpnDBrbhwfvzZTKsD4V8yAckbOmZzbvDMS3hP7r7EWFBm%2BDn%2F7cGZ%2BKG3st%2FDYghVtBXLe1acB0jO3PmkGhZiJofKf4FaPltaX8jleWdqm9BPsfZAzjCOS4nqYltSkVCY5Om6SBicLryblwjW%2BsmlWYC6V7tuQysU0oaTRmORvqqxjYWiYFlSUv122Uc9IInFv7Tuh32GW5y9tC8dVHkNhx3kMuseFR%2BWdPqkhLyv2%2BRhV99BDW0sGy3CTvuV7Z5c7MrilESxMWwp%2ByiOnRaLItFSCQ%3D%3D","environmentVariables":{"FIREBASE_CONFIG":"{\"projectId\":\"class-with-friends\",\"databaseURL\":\"https://class-with-friends-default-rtdb.firebaseio.com\",\"storageBucket\":\"class-with-friends.appspot.com\"}","GCLOUD_PROJECT":"class-with-friends","EVENTARC_CLOUD_EVENT_SOURCE":"projects/class-with-friends/locations/us-central1/functions/fetchAndStoreClasses"},"runtime":"nodejs18","buildEnvironmentVariables":{"GOOGLE_NODE_RUN_SCRIPTS":""},"dockerRegistry":"ARTIFACT_REGISTRY"},"versionId":"1","updateTime":"2023-12-19T04:58:18Z","buildId":"7dd1b2f4-edaa-4aac-87f4-ce0b0080a23e","buildName":"projects/29810484536/locations/us-central1/builds/7dd1b2f4-edaa-4aac-87f4-ce0b0080a23e"}}
[debug] [2023-12-19T04:58:54.932Z] [create-default-us-central1-fetchAndStoreClasses] Retrying task index 0
[debug] [2023-12-19T04:58:54.933Z] >>> [apiv2][query] GET https://cloudfunctions.googleapis.com/v1/operations/Y2xhc3Mtd2l0aC1mcmllbmRzL3VzLWNlbnRyYWwxL2ZldGNoQW5kU3RvcmVDbGFzc2VzL3BwNmtuR3AyaExr [none]
[debug] [2023-12-19T04:58:55.092Z] <<< [apiv2][status] GET https://cloudfunctions.googleapis.com/v1/operations/Y2xhc3Mtd2l0aC1mcmllbmRzL3VzLWNlbnRyYWwxL2ZldGNoQW5kU3RvcmVDbGFzc2VzL3BwNmtuR3AyaExr 200
[debug] [2023-12-19T04:58:55.093Z] <<< [apiv2][body] GET https://cloudfunctions.googleapis.com/v1/operations/Y2xhc3Mtd2l0aC1mcmllbmRzL3VzLWNlbnRyYWwxL2ZldGNoQW5kU3RvcmVDbGFzc2VzL3BwNmtuR3AyaExr {"name":"operations/Y2xhc3Mtd2l0aC1mcmllbmRzL3VzLWNlbnRyYWwxL2ZldGNoQW5kU3RvcmVDbGFzc2VzL3BwNmtuR3AyaExr","metadata":{"@type":"type.googleapis.com/google.cloud.functions.v1.OperationMetadataV1","target":"projects/class-with-friends/locations/us-central1/functions/fetchAndStoreClasses","type":"CREATE_FUNCTION","request":{"@type":"type.googleapis.com/google.cloud.functions.v1.CloudFunction","name":"projects/class-with-friends/locations/us-central1/functions/fetchAndStoreClasses","httpsTrigger":{"securityLevel":"SECURE_ALWAYS"},"entryPoint":"fetchAndStoreClasses","labels":{"deployment-tool":"cli-firebase","firebase-functions-hash":"16a9b16a0568e17087b1bd4c08d515783de74b0a"},"sourceUploadUrl":"https://storage.googleapis.com/uploads-139801327974.us-central1.cloudfunctions.appspot.com/9cd6ac85-7743-4f45-b97e-a2c4842b2249.zip?GoogleAccessId=service-29810484536@gcf-admin-robot.iam.gserviceaccount.com&Expires=1702963696&Signature=B5c8w3FmHrFj033VfmZep6xVu%2F9JWSMBfw2e%2BtxPAwSnaRV266dFASrF7%2BokpnDBrbhwfvzZTKsD4V8yAckbOmZzbvDMS3hP7r7EWFBm%2BDn%2F7cGZ%2BKG3st%2FDYghVtBXLe1acB0jO3PmkGhZiJofKf4FaPltaX8jleWdqm9BPsfZAzjCOS4nqYltSkVCY5Om6SBicLryblwjW%2BsmlWYC6V7tuQysU0oaTRmORvqqxjYWiYFlSUv122Uc9IInFv7Tuh32GW5y9tC8dVHkNhx3kMuseFR%2BWdPqkhLyv2%2BRhV99BDW0sGy3CTvuV7Z5c7MrilESxMWwp%2ByiOnRaLItFSCQ%3D%3D","environmentVariables":{"FIREBASE_CONFIG":"{\"projectId\":\"class-with-friends\",\"databaseURL\":\"https://class-with-friends-default-rtdb.firebaseio.com\",\"storageBucket\":\"class-with-friends.appspot.com\"}","GCLOUD_PROJECT":"class-with-friends","EVENTARC_CLOUD_EVENT_SOURCE":"projects/class-with-friends/locations/us-central1/functions/fetchAndStoreClasses"},"runtime":"nodejs18","buildEnvironmentVariables":{"GOOGLE_NODE_RUN_SCRIPTS":""},"dockerRegistry":"ARTIFACT_REGISTRY"},"versionId":"1","updateTime":"2023-12-19T04:58:18Z","buildId":"7dd1b2f4-edaa-4aac-87f4-ce0b0080a23e","buildName":"projects/29810484536/locations/us-central1/builds/7dd1b2f4-edaa-4aac-87f4-ce0b0080a23e"}}
[debug] [2023-12-19T04:59:05.100Z] [create-default-us-central1-fetchAndStoreClasses] Retrying task index 0
[debug] [2023-12-19T04:59:05.100Z] >>> [apiv2][query] GET https://cloudfunctions.googleapis.com/v1/operations/Y2xhc3Mtd2l0aC1mcmllbmRzL3VzLWNlbnRyYWwxL2ZldGNoQW5kU3RvcmVDbGFzc2VzL3BwNmtuR3AyaExr [none]
[debug] [2023-12-19T04:59:05.302Z] <<< [apiv2][status] GET https://cloudfunctions.googleapis.com/v1/operations/Y2xhc3Mtd2l0aC1mcmllbmRzL3VzLWNlbnRyYWwxL2ZldGNoQW5kU3RvcmVDbGFzc2VzL3BwNmtuR3AyaExr 200
[debug] [2023-12-19T04:59:05.302Z] <<< [apiv2][body] GET https://cloudfunctions.googleapis.com/v1/operations/Y2xhc3Mtd2l0aC1mcmllbmRzL3VzLWNlbnRyYWwxL2ZldGNoQW5kU3RvcmVDbGFzc2VzL3BwNmtuR3AyaExr {"name":"operations/Y2xhc3Mtd2l0aC1mcmllbmRzL3VzLWNlbnRyYWwxL2ZldGNoQW5kU3RvcmVDbGFzc2VzL3BwNmtuR3AyaExr","metadata":{"@type":"type.googleapis.com/google.cloud.functions.v1.OperationMetadataV1","target":"projects/class-with-friends/locations/us-central1/functions/fetchAndStoreClasses","type":"CREATE_FUNCTION","request":{"@type":"type.googleapis.com/google.cloud.functions.v1.CloudFunction","name":"projects/class-with-friends/locations/us-central1/functions/fetchAndStoreClasses","httpsTrigger":{"securityLevel":"SECURE_ALWAYS"},"entryPoint":"fetchAndStoreClasses","labels":{"deployment-tool":"cli-firebase","firebase-functions-hash":"16a9b16a0568e17087b1bd4c08d515783de74b0a"},"sourceUploadUrl":"https://storage.googleapis.com/uploads-139801327974.us-central1.cloudfunctions.appspot.com/9cd6ac85-7743-4f45-b97e-a2c4842b2249.zip?GoogleAccessId=service-29810484536@gcf-admin-robot.iam.gserviceaccount.com&Expires=1702963696&Signature=B5c8w3FmHrFj033VfmZep6xVu%2F9JWSMBfw2e%2BtxPAwSnaRV266dFASrF7%2BokpnDBrbhwfvzZTKsD4V8yAckbOmZzbvDMS3hP7r7EWFBm%2BDn%2F7cGZ%2BKG3st%2FDYghVtBXLe1acB0jO3PmkGhZiJofKf4FaPltaX8jleWdqm9BPsfZAzjCOS4nqYltSkVCY5Om6SBicLryblwjW%2BsmlWYC6V7tuQysU0oaTRmORvqqxjYWiYFlSUv122Uc9IInFv7Tuh32GW5y9tC8dVHkNhx3kMuseFR%2BWdPqkhLyv2%2BRhV99BDW0sGy3CTvuV7Z5c7MrilESxMWwp%2ByiOnRaLItFSCQ%3D%3D","environmentVariables":{"FIREBASE_CONFIG":"{\"projectId\":\"class-with-friends\",\"databaseURL\":\"https://class-with-friends-default-rtdb.firebaseio.com\",\"storageBucket\":\"class-with-friends.appspot.com\"}","GCLOUD_PROJECT":"class-with-friends","EVENTARC_CLOUD_EVENT_SOURCE":"projects/class-with-friends/locations/us-central1/functions/fetchAndStoreClasses"},"runtime":"nodejs18","buildEnvironmentVariables":{"GOOGLE_NODE_RUN_SCRIPTS":""},"dockerRegistry":"ARTIFACT_REGISTRY"},"versionId":"1","updateTime":"2023-12-19T04:58:18Z","buildId":"7dd1b2f4-edaa-4aac-87f4-ce0b0080a23e","buildName":"projects/29810484536/locations/us-central1/builds/7dd1b2f4-edaa-4aac-87f4-ce0b0080a23e"}}
[debug] [2023-12-19T04:59:15.305Z] [create-default-us-central1-fetchAndStoreClasses] Retrying task index 0
[debug] [2023-12-19T04:59:15.306Z] >>> [apiv2][query] GET https://cloudfunctions.googleapis.com/v1/operations/Y2xhc3Mtd2l0aC1mcmllbmRzL3VzLWNlbnRyYWwxL2ZldGNoQW5kU3RvcmVDbGFzc2VzL3BwNmtuR3AyaExr [none]
[debug] [2023-12-19T04:59:15.495Z] <<< [apiv2][status] GET https://cloudfunctions.googleapis.com/v1/operations/Y2xhc3Mtd2l0aC1mcmllbmRzL3VzLWNlbnRyYWwxL2ZldGNoQW5kU3RvcmVDbGFzc2VzL3BwNmtuR3AyaExr 200
[debug] [2023-12-19T04:59:15.495Z] <<< [apiv2][body] GET https://cloudfunctions.googleapis.com/v1/operations/Y2xhc3Mtd2l0aC1mcmllbmRzL3VzLWNlbnRyYWwxL2ZldGNoQW5kU3RvcmVDbGFzc2VzL3BwNmtuR3AyaExr {"name":"operations/Y2xhc3Mtd2l0aC1mcmllbmRzL3VzLWNlbnRyYWwxL2ZldGNoQW5kU3RvcmVDbGFzc2VzL3BwNmtuR3AyaExr","metadata":{"@type":"type.googleapis.com/google.cloud.functions.v1.OperationMetadataV1","target":"projects/class-with-friends/locations/us-central1/functions/fetchAndStoreClasses","type":"CREATE_FUNCTION","request":{"@type":"type.googleapis.com/google.cloud.functions.v1.CloudFunction","name":"projects/class-with-friends/locations/us-central1/functions/fetchAndStoreClasses","httpsTrigger":{"securityLevel":"SECURE_ALWAYS"},"entryPoint":"fetchAndStoreClasses","labels":{"deployment-tool":"cli-firebase","firebase-functions-hash":"16a9b16a0568e17087b1bd4c08d515783de74b0a"},"sourceUploadUrl":"https://storage.googleapis.com/uploads-139801327974.us-central1.cloudfunctions.appspot.com/9cd6ac85-7743-4f45-b97e-a2c4842b2249.zip?GoogleAccessId=service-29810484536@gcf-admin-robot.iam.gserviceaccount.com&Expires=1702963696&Signature=B5c8w3FmHrFj033VfmZep6xVu%2F9JWSMBfw2e%2BtxPAwSnaRV266dFASrF7%2BokpnDBrbhwfvzZTKsD4V8yAckbOmZzbvDMS3hP7r7EWFBm%2BDn%2F7cGZ%2BKG3st%2FDYghVtBXLe1acB0jO3PmkGhZiJofKf4FaPltaX8jleWdqm9BPsfZAzjCOS4nqYltSkVCY5Om6SBicLryblwjW%2BsmlWYC6V7tuQysU0oaTRmORvqqxjYWiYFlSUv122Uc9IInFv7Tuh32GW5y9tC8dVHkNhx3kMuseFR%2BWdPqkhLyv2%2BRhV99BDW0sGy3CTvuV7Z5c7MrilESxMWwp%2ByiOnRaLItFSCQ%3D%3D","environmentVariables":{"FIREBASE_CONFIG":"{\"projectId\":\"class-with-friends\",\"databaseURL\":\"https://class-with-friends-default-rtdb.firebaseio.com\",\"storageBucket\":\"class-with-friends.appspot.com\"}","GCLOUD_PROJECT":"class-with-friends","EVENTARC_CLOUD_EVENT_SOURCE":"projects/class-with-friends/locations/us-central1/functions/fetchAndStoreClasses"},"runtime":"nodejs18","buildEnvironmentVariables":{"GOOGLE_NODE_RUN_SCRIPTS":""},"dockerRegistry":"ARTIFACT_REGISTRY"},"versionId":"1","updateTime":"2023-12-19T04:58:18Z","buildId":"7dd1b2f4-edaa-4aac-87f4-ce0b0080a23e","sourceToken":"4a0c3953-8c7f-4b15-afd5-0cfc7ce0027d","buildName":"projects/29810484536/locations/us-central1/builds/7dd1b2f4-edaa-4aac-87f4-ce0b0080a23e"}}
[debug] [2023-12-19T04:59:15.495Z] Got source token 4a0c3953-8c7f-4b15-afd5-0cfc7ce0027d for region us-central1
[debug] [2023-12-19T04:59:25.496Z] [create-default-us-central1-fetchAndStoreClasses] Retrying task index 0
[debug] [2023-12-19T04:59:25.496Z] >>> [apiv2][query] GET https://cloudfunctions.googleapis.com/v1/operations/Y2xhc3Mtd2l0aC1mcmllbmRzL3VzLWNlbnRyYWwxL2ZldGNoQW5kU3RvcmVDbGFzc2VzL3BwNmtuR3AyaExr [none]
[debug] [2023-12-19T04:59:25.697Z] <<< [apiv2][status] GET https://cloudfunctions.googleapis.com/v1/operations/Y2xhc3Mtd2l0aC1mcmllbmRzL3VzLWNlbnRyYWwxL2ZldGNoQW5kU3RvcmVDbGFzc2VzL3BwNmtuR3AyaExr 200
[debug] [2023-12-19T04:59:25.698Z] <<< [apiv2][body] GET https://cloudfunctions.googleapis.com/v1/operations/Y2xhc3Mtd2l0aC1mcmllbmRzL3VzLWNlbnRyYWwxL2ZldGNoQW5kU3RvcmVDbGFzc2VzL3BwNmtuR3AyaExr {"name":"operations/Y2xhc3Mtd2l0aC1mcmllbmRzL3VzLWNlbnRyYWwxL2ZldGNoQW5kU3RvcmVDbGFzc2VzL3BwNmtuR3AyaExr","metadata":{"@type":"type.googleapis.com/google.cloud.functions.v1.OperationMetadataV1","target":"projects/class-with-friends/locations/us-central1/functions/fetchAndStoreClasses","type":"CREATE_FUNCTION","request":{"@type":"type.googleapis.com/google.cloud.functions.v1.CloudFunction","name":"projects/class-with-friends/locations/us-central1/functions/fetchAndStoreClasses","httpsTrigger":{"securityLevel":"SECURE_ALWAYS"},"entryPoint":"fetchAndStoreClasses","labels":{"deployment-tool":"cli-firebase","firebase-functions-hash":"16a9b16a0568e17087b1bd4c08d515783de74b0a"},"sourceUploadUrl":"https://storage.googleapis.com/uploads-139801327974.us-central1.cloudfunctions.appspot.com/9cd6ac85-7743-4f45-b97e-a2c4842b2249.zip?GoogleAccessId=service-29810484536@gcf-admin-robot.iam.gserviceaccount.com&Expires=1702963696&Signature=B5c8w3FmHrFj033VfmZep6xVu%2F9JWSMBfw2e%2BtxPAwSnaRV266dFASrF7%2BokpnDBrbhwfvzZTKsD4V8yAckbOmZzbvDMS3hP7r7EWFBm%2BDn%2F7cGZ%2BKG3st%2FDYghVtBXLe1acB0jO3PmkGhZiJofKf4FaPltaX8jleWdqm9BPsfZAzjCOS4nqYltSkVCY5Om6SBicLryblwjW%2BsmlWYC6V7tuQysU0oaTRmORvqqxjYWiYFlSUv122Uc9IInFv7Tuh32GW5y9tC8dVHkNhx3kMuseFR%2BWdPqkhLyv2%2BRhV99BDW0sGy3CTvuV7Z5c7MrilESxMWwp%2ByiOnRaLItFSCQ%3D%3D","environmentVariables":{"FIREBASE_CONFIG":"{\"projectId\":\"class-with-friends\",\"databaseURL\":\"https://class-with-friends-default-rtdb.firebaseio.com\",\"storageBucket\":\"class-with-friends.appspot.com\"}","GCLOUD_PROJECT":"class-with-friends","EVENTARC_CLOUD_EVENT_SOURCE":"projects/class-with-friends/locations/us-central1/functions/fetchAndStoreClasses"},"runtime":"nodejs18","buildEnvironmentVariables":{"GOOGLE_NODE_RUN_SCRIPTS":""},"dockerRegistry":"ARTIFACT_REGISTRY"},"versionId":"1","updateTime":"2023-12-19T04:58:18Z","buildId":"7dd1b2f4-edaa-4aac-87f4-ce0b0080a23e","sourceToken":"4a0c3953-8c7f-4b15-afd5-0cfc7ce0027d","buildName":"projects/29810484536/locations/us-central1/builds/7dd1b2f4-edaa-4aac-87f4-ce0b0080a23e"}}
[debug] [2023-12-19T04:59:25.698Z] Got source token 4a0c3953-8c7f-4b15-afd5-0cfc7ce0027d for region us-central1
[debug] [2023-12-19T04:59:35.711Z] [create-default-us-central1-fetchAndStoreClasses] Retrying task index 0
[debug] [2023-12-19T04:59:35.711Z] >>> [apiv2][query] GET https://cloudfunctions.googleapis.com/v1/operations/Y2xhc3Mtd2l0aC1mcmllbmRzL3VzLWNlbnRyYWwxL2ZldGNoQW5kU3RvcmVDbGFzc2VzL3BwNmtuR3AyaExr [none]
[debug] [2023-12-19T04:59:35.937Z] <<< [apiv2][status] GET https://cloudfunctions.googleapis.com/v1/operations/Y2xhc3Mtd2l0aC1mcmllbmRzL3VzLWNlbnRyYWwxL2ZldGNoQW5kU3RvcmVDbGFzc2VzL3BwNmtuR3AyaExr 200
[debug] [2023-12-19T04:59:35.937Z] <<< [apiv2][body] GET https://cloudfunctions.googleapis.com/v1/operations/Y2xhc3Mtd2l0aC1mcmllbmRzL3VzLWNlbnRyYWwxL2ZldGNoQW5kU3RvcmVDbGFzc2VzL3BwNmtuR3AyaExr {"name":"operations/Y2xhc3Mtd2l0aC1mcmllbmRzL3VzLWNlbnRyYWwxL2ZldGNoQW5kU3RvcmVDbGFzc2VzL3BwNmtuR3AyaExr","metadata":{"@type":"type.googleapis.com/google.cloud.functions.v1.OperationMetadataV1","target":"projects/class-with-friends/locations/us-central1/functions/fetchAndStoreClasses","type":"CREATE_FUNCTION","request":{"@type":"type.googleapis.com/google.cloud.functions.v1.CloudFunction","name":"projects/class-with-friends/locations/us-central1/functions/fetchAndStoreClasses","httpsTrigger":{"securityLevel":"SECURE_ALWAYS"},"entryPoint":"fetchAndStoreClasses","labels":{"deployment-tool":"cli-firebase","firebase-functions-hash":"16a9b16a0568e17087b1bd4c08d515783de74b0a"},"sourceUploadUrl":"https://storage.googleapis.com/uploads-139801327974.us-central1.cloudfunctions.appspot.com/9cd6ac85-7743-4f45-b97e-a2c4842b2249.zip?GoogleAccessId=service-29810484536@gcf-admin-robot.iam.gserviceaccount.com&Expires=1702963696&Signature=B5c8w3FmHrFj033VfmZep6xVu%2F9JWSMBfw2e%2BtxPAwSnaRV266dFASrF7%2BokpnDBrbhwfvzZTKsD4V8yAckbOmZzbvDMS3hP7r7EWFBm%2BDn%2F7cGZ%2BKG3st%2FDYghVtBXLe1acB0jO3PmkGhZiJofKf4FaPltaX8jleWdqm9BPsfZAzjCOS4nqYltSkVCY5Om6SBicLryblwjW%2BsmlWYC6V7tuQysU0oaTRmORvqqxjYWiYFlSUv122Uc9IInFv7Tuh32GW5y9tC8dVHkNhx3kMuseFR%2BWdPqkhLyv2%2BRhV99BDW0sGy3CTvuV7Z5c7MrilESxMWwp%2ByiOnRaLItFSCQ%3D%3D","environmentVariables":{"FIREBASE_CONFIG":"{\"projectId\":\"class-with-friends\",\"databaseURL\":\"https://class-with-friends-default-rtdb.firebaseio.com\",\"storageBucket\":\"class-with-friends.appspot.com\"}","GCLOUD_PROJECT":"class-with-friends","EVENTARC_CLOUD_EVENT_SOURCE":"projects/class-with-friends/locations/us-central1/functions/fetchAndStoreClasses"},"runtime":"nodejs18","buildEnvironmentVariables":{"GOOGLE_NODE_RUN_SCRIPTS":""},"dockerRegistry":"ARTIFACT_REGISTRY"},"versionId":"1","updateTime":"2023-12-19T04:59:35Z","buildId":"7dd1b2f4-edaa-4aac-87f4-ce0b0080a23e","sourceToken":"4a0c3953-8c7f-4b15-afd5-0cfc7ce0027d","buildName":"projects/29810484536/locations/us-central1/builds/7dd1b2f4-edaa-4aac-87f4-ce0b0080a23e"},"done":true,"error":{"code":3,"message":"Function failed on loading user code. This is likely due to a bug in the user code. Error message: Provided module can't be loaded.\nDid you list all required modules in the package.json dependencies?\nDetailed stack trace: Error: Cannot find module 'axios'\nRequire stack:\n- /workspace/index.js\n- /layers/google.nodejs.functions-framework/functions-framework/node_modules/@google-cloud/functions-framework/build/src/loader.js\n- /layers/google.nodejs.functions-framework/functions-framework/node_modules/@google-cloud/functions-framework/build/src/main.js\n    at Module._resolveFilename (node:internal/modules/cjs/loader:1077:15)\n    at Module._load (node:internal/modules/cjs/loader:922:27)\n    at Module.require (node:internal/modules/cjs/loader:1143:19)\n    at require (node:internal/modules/cjs/helpers:119:18)\n    at Object.<anonymous> (/workspace/index.js:1:15)\n    at Module._compile (node:internal/modules/cjs/loader:1256:14)\n    at Module._extensions..js (node:internal/modules/cjs/loader:1310:10)\n    at Module.load (node:internal/modules/cjs/loader:1119:32)\n    at Module._load (node:internal/modules/cjs/loader:960:12)\n    at Module.require (node:internal/modules/cjs/loader:1143:19)\nCould not load the function, shutting down.. Please visit https://cloud.google.com/functions/docs/troubleshooting for in-depth troubleshooting documentation."}}
[debug] [2023-12-19T04:59:35.937Z] Got source token 4a0c3953-8c7f-4b15-afd5-0cfc7ce0027d for region us-central1
[error] Function failed on loading user code. This is likely due to a bug in the user code. Error message: Provided module can't be loaded.
Did you list all required modules in the package.json dependencies?
Detailed stack trace: Error: Cannot find module 'axios'
Require stack:
- /workspace/index.js
- /layers/google.nodejs.functions-framework/functions-framework/node_modules/@google-cloud/functions-framework/build/src/loader.js
- /layers/google.nodejs.functions-framework/functions-framework/node_modules/@google-cloud/functions-framework/build/src/main.js
    at Module._resolveFilename (node:internal/modules/cjs/loader:1077:15)
    at Module._load (node:internal/modules/cjs/loader:922:27)
    at Module.require (node:internal/modules/cjs/loader:1143:19)
    at require (node:internal/modules/cjs/helpers:119:18)
    at Object.<anonymous> (/workspace/index.js:1:15)
    at Module._compile (node:internal/modules/cjs/loader:1256:14)
    at Module._extensions..js (node:internal/modules/cjs/loader:1310:10)
    at Module.load (node:internal/modules/cjs/loader:1119:32)
    at Module._load (node:internal/modules/cjs/loader:960:12)
    at Module.require (node:internal/modules/cjs/loader:1143:19)
Could not load the function, shutting down.. Please visit https://cloud.google.com/functions/docs/troubleshooting for in-depth troubleshooting documentation.
[debug] [2023-12-19T04:59:35.944Z] Total Function Deployment time: 78307
[debug] [2023-12-19T04:59:35.944Z] 1 Functions Deployed
[debug] [2023-12-19T04:59:35.944Z] 1 Functions Errored
[debug] [2023-12-19T04:59:35.944Z] 0 Function Deployments Aborted
[debug] [2023-12-19T04:59:35.945Z] Average Function Deployment time: 78307
[info] 
[info] Functions deploy had errors with the following functions:
	fetchAndStoreClasses(us-central1)
[debug] [2023-12-19T04:59:36.086Z] Not printing URL for HTTPS function. Typically this means it didn't match a filter or we failed deployment
[info] i  functions: cleaning up build files... 
[debug] [2023-12-19T04:59:36.087Z] >>> [apiv2][query] DELETE https://artifactregistry.googleapis.com/v1beta2/projects/class-with-friends/locations/us-central1/repositories/gcf-artifacts/packages/fetch_and_store_classes [none]
[debug] [2023-12-19T04:59:36.088Z] >>> [apiv2][query] GET https://us.gcr.io/v2/class-with-friends/gcf/us-central1/tags/list [none]
[debug] [2023-12-19T04:59:36.445Z] <<< [apiv2][status] DELETE https://artifactregistry.googleapis.com/v1beta2/projects/class-with-friends/locations/us-central1/repositories/gcf-artifacts/packages/fetch_and_store_classes 200
[debug] [2023-12-19T04:59:36.446Z] <<< [apiv2][body] DELETE https://artifactregistry.googleapis.com/v1beta2/projects/class-with-friends/locations/us-central1/repositories/gcf-artifacts/packages/fetch_and_store_classes {"name":"projects/class-with-friends/locations/us-central1/operations/21366dce-18b1-41b0-bc27-842ee27cad45","metadata":{"@type":"type.googleapis.com/google.devtools.artifactregistry.v1beta2.OperationMetadata"}}
[debug] [2023-12-19T04:59:36.446Z] >>> [apiv2][query] GET https://artifactregistry.googleapis.com/v1beta2/projects/class-with-friends/locations/us-central1/operations/21366dce-18b1-41b0-bc27-842ee27cad45 [none]
[debug] [2023-12-19T04:59:36.663Z] <<< [apiv2][status] GET https://artifactregistry.googleapis.com/v1beta2/projects/class-with-friends/locations/us-central1/operations/21366dce-18b1-41b0-bc27-842ee27cad45 200
[debug] [2023-12-19T04:59:36.663Z] <<< [apiv2][body] GET https://artifactregistry.googleapis.com/v1beta2/projects/class-with-friends/locations/us-central1/operations/21366dce-18b1-41b0-bc27-842ee27cad45 {"name":"projects/class-with-friends/locations/us-central1/operations/21366dce-18b1-41b0-bc27-842ee27cad45","metadata":{"@type":"type.googleapis.com/google.devtools.artifactregistry.v1beta2.OperationMetadata"},"done":true,"response":{"@type":"type.googleapis.com/google.protobuf.Empty"}}
[debug] [2023-12-19T04:59:37.208Z] <<< [apiv2][status] GET https://us.gcr.io/v2/class-with-friends/gcf/us-central1/tags/list 200
[debug] [2023-12-19T04:59:37.208Z] <<< [apiv2][body] GET https://us.gcr.io/v2/class-with-friends/gcf/us-central1/tags/list {"child":[],"manifest":{},"name":"class-with-friends/gcf/us-central1","tags":[]}
[debug] [2023-12-19T04:59:37.208Z] Could not find image for function projects/class-with-friends/locations/us-central1/functions/fetchAndStoreClasses
[debug] [2023-12-19T04:59:37.208Z] Functions deploy failed.
[debug] [2023-12-19T04:59:37.208Z] {
  "endpoint": {
    "id": "fetchAndStoreClasses",
    "project": "class-with-friends",
    "region": "us-central1",
    "entryPoint": "fetchAndStoreClasses",
    "platform": "gcfv1",
    "runtime": "nodejs18",
    "httpsTrigger": {},
    "ingressSettings": null,
    "availableMemoryMb": null,
    "serviceAccount": null,
    "timeoutSeconds": null,
    "maxInstances": null,
    "minInstances": null,
    "vpc": null,
    "environmentVariables": {
      "FIREBASE_CONFIG": "{\"projectId\":\"class-with-friends\",\"databaseURL\":\"https://class-with-friends-default-rtdb.firebaseio.com\",\"storageBucket\":\"class-with-friends.appspot.com\"}",
      "GCLOUD_PROJECT": "class-with-friends",
      "EVENTARC_CLOUD_EVENT_SOURCE": "projects/class-with-friends/locations/us-central1/functions/fetchAndStoreClasses"
    },
    "codebase": "default",
    "targetedByOnly": false,
    "hash": "16a9b16a0568e17087b1bd4c08d515783de74b0a",
    "labels": {
      "deployment-tool": "cli-firebase"
    }
  },
  "op": "create",
  "original": {
    "name": "FirebaseError",
    "children": [],
    "exit": 1,
    "message": "Function failed on loading user code. This is likely due to a bug in the user code. Error message: Provided module can't be loaded.\nDid you list all required modules in the package.json dependencies?\nDetailed stack trace: Error: Cannot find module 'axios'\nRequire stack:\n- /workspace/index.js\n- /layers/google.nodejs.functions-framework/functions-framework/node_modules/@google-cloud/functions-framework/build/src/loader.js\n- /layers/google.nodejs.functions-framework/functions-framework/node_modules/@google-cloud/functions-framework/build/src/main.js\n    at Module._resolveFilename (node:internal/modules/cjs/loader:1077:15)\n    at Module._load (node:internal/modules/cjs/loader:922:27)\n    at Module.require (node:internal/modules/cjs/loader:1143:19)\n    at require (node:internal/modules/cjs/helpers:119:18)\n    at Object.<anonymous> (/workspace/index.js:1:15)\n    at Module._compile (node:internal/modules/cjs/loader:1256:14)\n    at Module._extensions..js (node:internal/modules/cjs/loader:1310:10)\n    at Module.load (node:internal/modules/cjs/loader:1119:32)\n    at Module._load (node:internal/modules/cjs/loader:960:12)\n    at Module.require (node:internal/modules/cjs/loader:1143:19)\nCould not load the function, shutting down.. Please visit https://cloud.google.com/functions/docs/troubleshooting for in-depth troubleshooting documentation.",
    "status": 3,
    "code": 3
  }
}
[debug] [2023-12-19T04:59:37.254Z] Error: Failed to create function fetchAndStoreClasses in region us-central1
    at C:\Users\matth\AppData\Roaming\npm\node_modules\firebase-tools\lib\deploy\functions\release\fabricator.js:51:11
    at process.processTicksAndRejections (node:internal/process/task_queues:95:5)
    at async Fabricator.createV1Function (C:\Users\matth\AppData\Roaming\npm\node_modules\firebase-tools\lib\deploy\functions\release\fabricator.js:181:32)
    at async Fabricator.createEndpoint (C:\Users\matth\AppData\Roaming\npm\node_modules\firebase-tools\lib\deploy\functions\release\fabricator.js:133:13)
    at async handle (C:\Users\matth\AppData\Roaming\npm\node_modules\firebase-tools\lib\deploy\functions\release\fabricator.js:88:17)
[error] 
[error] Error: There was an error deploying functions
